<?xml version="1.0" encoding="UTF-8"?>
<testsuite xmlns:xsi="http://www.w3.org/2001/XMLSchema-instance" xsi:noNamespaceSchemaLocation="https://maven.apache.org/surefire/maven-surefire-plugin/xsd/surefire-test-report.xsd" name="com.devops.pipeline.AppTest" time="0.039" tests="1" errors="0" skipped="0" failures="0">
  <properties>
    <property name="java.specification.version" value="24"/>
    <property name="sun.cpu.isalist" value="amd64"/>
    <property name="sonar.host.url" value="http://localhost:9000"/>
    <property name="sun.jnu.encoding" value="Cp1252"/>
    <property name="java.class.path" value="D:\Hariram\M.E CSE - AU - CEG\1st Year\2nd Semester\Devops and Microservices\DevSecOps-Project\DevSecOpsApp\target\test-classes;D:\Hariram\M.E CSE - AU - CEG\1st Year\2nd Semester\Devops and Microservices\DevSecOps-Project\DevSecOpsApp\target\classes;C:\Users\Harir\.m2\repository\junit\junit\4.11\junit-4.11.jar;C:\Users\Harir\.m2\repository\org\hamcrest\hamcrest-core\1.3\hamcrest-core-1.3.jar;"/>
    <property name="java.vm.vendor" value="Oracle Corporation"/>
    <property name="sun.arch.data.model" value="64"/>
    <property name="user.variant" value=""/>
    <property name="java.vendor.url" value="https://java.oracle.com/"/>
    <property name="user.timezone" value="Asia/Calcutta"/>
    <property name="os.name" value="Windows 11"/>
    <property name="java.vm.specification.version" value="24"/>
    <property name="sun.java.launcher" value="SUN_STANDARD"/>
    <property name="user.country" value="IN"/>
    <property name="sun.boot.library.path" value="C:\Program Files\Java\jdk-24\bin"/>
    <property name="sun.java.command" value="C:\Users\Harir\AppData\Local\Temp\surefire16599892330254038670\surefirebooter12997068412818495292.jar C:\Users\Harir\AppData\Local\Temp\surefire16599892330254038670 2025-04-21T13-15-51_510-jvmRun1 surefire14249938409767264335tmp surefire_012829145652477224747tmp"/>
    <property name="jdk.debug" value="release"/>
    <property name="surefire.test.class.path" value="D:\Hariram\M.E CSE - AU - CEG\1st Year\2nd Semester\Devops and Microservices\DevSecOps-Project\DevSecOpsApp\target\test-classes;D:\Hariram\M.E CSE - AU - CEG\1st Year\2nd Semester\Devops and Microservices\DevSecOps-Project\DevSecOpsApp\target\classes;C:\Users\Harir\.m2\repository\junit\junit\4.11\junit-4.11.jar;C:\Users\Harir\.m2\repository\org\hamcrest\hamcrest-core\1.3\hamcrest-core-1.3.jar;"/>
    <property name="sun.cpu.endian" value="little"/>
    <property name="user.home" value="C:\Users\Harir"/>
    <property name="user.language" value="en"/>
    <property name="java.specification.vendor" value="Oracle Corporation"/>
    <property name="java.version.date" value="2025-04-15"/>
    <property name="java.home" value="C:\Program Files\Java\jdk-24"/>
    <property name="file.separator" value="\"/>
    <property name="basedir" value="D:\Hariram\M.E CSE - AU - CEG\1st Year\2nd Semester\Devops and Microservices\DevSecOps-Project\DevSecOpsApp"/>
    <property name="java.vm.compressedOopsMode" value="32-bit"/>
    <property name="line.separator" value="&#10;"/>
    <property name="java.vm.specification.vendor" value="Oracle Corporation"/>
    <property name="java.specification.name" value="Java Platform API Specification"/>
    <property name="surefire.real.class.path" value="C:\Users\Harir\AppData\Local\Temp\surefire16599892330254038670\surefirebooter12997068412818495292.jar"/>
    <property name="user.script" value=""/>
    <property name="sun.management.compiler" value="HotSpot 64-Bit Tiered Compilers"/>
    <property name="java.runtime.version" value="24.0.1+9-30"/>
    <property name="user.name" value="Harir"/>
    <property name="stdout.encoding" value="Cp1252"/>
    <property name="path.separator" value=";"/>
    <property name="os.version" value="10.0"/>
    <property name="java.runtime.name" value="Java(TM) SE Runtime Environment"/>
    <property name="file.encoding" value="UTF-8"/>
    <property name="java.vm.name" value="Java HotSpot(TM) 64-Bit Server VM"/>
    <property name="localRepository" value="C:\Users\Harir\.m2\repository"/>
    <property name="java.vendor.url.bug" value="https://bugreport.java.com/bugreport/"/>
    <property name="java.io.tmpdir" value="C:\Users\Harir\AppData\Local\Temp\"/>
    <property name="sonar.token" value="sqp_60047f7badcb803bc87bd8c615ac50a605047c76"/>
    <property name="java.version" value="24.0.1"/>
    <property name="user.dir" value="D:\Hariram\M.E CSE - AU - CEG\1st Year\2nd Semester\Devops and Microservices\DevSecOps-Project\DevSecOpsApp"/>
    <property name="os.arch" value="amd64"/>
    <property name="java.vm.specification.name" value="Java Virtual Machine Specification"/>
    <property name="sun.os.patch.level" value=""/>
    <property name="native.encoding" value="Cp1252"/>
    <property name="sonar.projectKey" value="DevSecOpsApp"/>
    <property name="java.library.path" value="C:\Program Files\Java\jdk-24\bin;C:\WINDOWS\Sun\Java\bin;C:\WINDOWS\system32;C:\WINDOWS;C:\Program Files\Common Files\Oracle\Java\javapath;c:\Users\Harir\AppData\Local\Programs\cursor\resources\app\bin;C:\Windows\system32;C:\Windows;C:\Windows\System32\Wbem;C:\Windows\System32\WindowsPowerShell\v1.0\;C:\Windows\System32\OpenSSH\;C:\Program Files (x86)\NVIDIA Corporation\PhysX\Common;C:\WINDOWS\system32;C:\WINDOWS;C:\WINDOWS\System32\Wbem;C:\WINDOWS\System32\WindowsPowerShell\v1.0\;C:\WINDOWS\System32\OpenSSH\;C:\Program Files\dotnet\;C:\Users\Harir\AppData\Local\Programs\Python\Python310\Scripts\;C:\Users\Harir\AppData\Local\Programs\Python\Python310\;C:\Users\Harir\AppData\Local\Microsoft\WindowsApps;C:\Users\Harir\AppData\Local\hyper\app-3.0.2\resources\bin;C:\Program Files\heroku\bin;C:\Users\Harir\.dotnet\tools;C:\Program Files\JetBrains\IntelliJ IDEA Community Edition 2021.2.3\bin;C:\Users\Harir\flutter\bin;C:\Users\Harir\AppData\Local\Android\Sdk;C:\MinGW\bin;C:\Program Files\NVIDIA Corporation\NVIDIA app\NvDLISR;C:\WINDOWS\system32;C:\WINDOWS;C:\WINDOWS\System32\Wbem;C:\WINDOWS\System32\WindowsPowerShell\v1.0\;C:\WINDOWS\System32\OpenSSH\;C:\Program Files\Docker\Docker\resources\bin;C:\Program Files\nodejs\;C:\Program Files\Git\cmd;C:\Users\Harir\AppData\Local\Programs\Python\Launcher\;C:\Users\Harir\AppData\Local\Programs\Python\Python310\Scripts\;C:\Users\Harir\AppData\Local\Programs\Python\Python310\;C:\Users\Harir\AppData\Local\Microsoft\WindowsApps;C:\Users\Harir\AppData\Local\hyper\app-3.0.2\resources\bin;C:\Program Files\heroku\bin;C:\Users\Harir\AppData\Local\Programs\Microsoft VS Code\bin;C:\Users\Harir\.dotnet\tools;C:\Program Files\JetBrains\IntelliJ IDEA Community Edition 2021.2.3\bin;C:\Users\Harir\flutter\bin;C:\Users\Harir\AppData\Local\Android\Sdk;C:\Program Files\JetBrains\IntelliJ IDEA Community Edition 2023.2.4\bin;C:\MinGW\bin;C:\Users\Harir\AppData\Local\Microsoft\WindowsApps;C:\Users\Harir\.lmstudio\bin;C:\Users\Harir\AppData\Roaming\npm;C:\Program Files\apache-maven-3.9.9\bin;C:\Program Files\Java\jdk-24\bin;;."/>
    <property name="java.vm.info" value="mixed mode, sharing"/>
    <property name="stderr.encoding" value="Cp1252"/>
    <property name="java.vendor" value="Oracle Corporation"/>
    <property name="java.vm.version" value="24.0.1+9-30"/>
    <property name="sun.io.unicode.encoding" value="UnicodeLittle"/>
    <property name="java.class.version" value="68.0"/>
  </properties>
  <testcase name="shouldAnswerWithTrue" classname="com.devops.pipeline.AppTest" time="0.003"/>
</testsuite>